<?xml version="1.0" encoding="UTF-8"?>
<!-- Generated by org.testng.reporters.JUnitXMLReporter -->
<testsuite hostname="DESKTOP-TBQOJQQ" ignored="3" name="HomePageTest" tests="6" failures="0" timestamp="16 Feb 2019 17:46:09 GMT" time="0.184" errors="0">
  <testcase name="TC1" time="0.029" classname="module6.Grouping"/>
  <testcase name="TC4" time="0.003" classname="module6.Grouping"/>
  <testcase name="TC5" time="0.009" classname="module6.Grouping"/>
  <testcase name="TC7" time="0.005" classname="module6.Grouping"/>
  <testcase name="TC8" time="0.008" classname="module6.Grouping"/>
  <testcase name="TC9" time="0.002" classname="module6.Grouping"/>
  <testcase name="TC6" time="0.0" classname="module6.Grouping">
    <ignored/>
  </testcase> <!-- TC6 -->
  <testcase name="TC2" time="0.0" classname="module6.Grouping">
    <ignored/>
  </testcase> <!-- TC2 -->
  <testcase name="TC3" time="0.0" classname="module6.Grouping">
    <ignored/>
  </testcase> <!-- TC3 -->
</testsuite> <!-- HomePageTest -->
