<?xml version="1.0" encoding="UTF-8"?>
<testng-results skipped="0" failed="0" ignored="0" total="1" passed="1">
  <reporter-output>
  </reporter-output>
  <suite name="Main Test Suite" duration-ms="65476" started-at="2019-02-17T17:20:05Z" finished-at="2019-02-17T17:21:10Z">
    <groups>
    </groups>
    <test name="TestNG Grid" duration-ms="65476" started-at="2019-02-17T17:20:05Z" finished-at="2019-02-17T17:21:10Z">
      <class name="module7.GridExampleTest">
        <test-method status="PASS" signature="setUp()[pri:0, instance:module7.GridExampleTest@36b4cef0]" name="setUp" is-config="true" duration-ms="45575" started-at="2019-02-17T17:20:05Z" finished-at="2019-02-17T17:20:51Z">
          <reporter-output>
          </reporter-output>
        </test-method> <!-- setUp -->
        <test-method status="PASS" signature="testGooglePageTitle()[pri:0, instance:module7.GridExampleTest@36b4cef0]" name="testGooglePageTitle" duration-ms="14832" started-at="2019-02-17T17:20:51Z" finished-at="2019-02-17T17:21:06Z">
          <reporter-output>
          </reporter-output>
        </test-method> <!-- testGooglePageTitle -->
        <test-method status="PASS" signature="closeBrowser()[pri:0, instance:module7.GridExampleTest@36b4cef0]" name="closeBrowser" is-config="true" duration-ms="4743" started-at="2019-02-17T17:21:06Z" finished-at="2019-02-17T17:21:10Z">
          <reporter-output>
          </reporter-output>
        </test-method> <!-- closeBrowser -->
      </class> <!-- module7.GridExampleTest -->
    </test> <!-- TestNG Grid -->
  </suite> <!-- Main Test Suite -->
</testng-results>
